# Logfile created on 2014-03-17 20:32:35 -0300 by logger.rb/44203
I, [2014-03-17T20:32:35.064133 #47268]  INFO -- : 0:  rake (10.1.1) from /Users/michaeldussan/.rvm/gems/ruby-2.1.0/specifications/rake-10.1.1.gemspec
I, [2014-03-17T20:32:35.064541 #47268]  INFO -- : 0:  i18n (0.6.9) from /Users/michaeldussan/.rvm/gems/ruby-2.1.0/specifications/i18n-0.6.9.gemspec
I, [2014-03-17T20:32:35.064913 #47268]  INFO -- : 0:  multi_json (1.9.0) from /Users/michaeldussan/.rvm/gems/ruby-2.1.0/specifications/multi_json-1.9.0.gemspec
I, [2014-03-17T20:32:38.769273 #47268]  INFO -- : 0:  activesupport (3.2.17) from /Users/michaeldussan/.rvm/gems/ruby-2.1.0/specifications/activesupport-3.2.17.gemspec
I, [2014-03-17T20:32:38.769821 #47268]  INFO -- : 0:  builder (3.0.4) from /Users/michaeldussan/.rvm/gems/ruby-2.1.0/specifications/builder-3.0.4.gemspec
I, [2014-03-17T20:32:43.582954 #47268]  INFO -- : 0:  activemodel (3.2.17) from /Users/michaeldussan/.rvm/gems/ruby-2.1.0/specifications/activemodel-3.2.17.gemspec
I, [2014-03-17T20:32:43.583570 #47268]  INFO -- : 0:  erubis (2.7.0) from /Users/michaeldussan/.rvm/gems/ruby-2.1.0/specifications/erubis-2.7.0.gemspec
I, [2014-03-17T20:32:43.584071 #47268]  INFO -- : 0:  journey (1.0.4) from /Users/michaeldussan/.rvm/gems/ruby-2.1.0/specifications/journey-1.0.4.gemspec
I, [2014-03-17T20:32:43.584569 #47268]  INFO -- : 0:  rack (1.4.5) from /Users/michaeldussan/.rvm/gems/ruby-2.1.0/specifications/rack-1.4.5.gemspec
I, [2014-03-17T20:32:43.585044 #47268]  INFO -- : 0:  rack-cache (1.2) from /Users/michaeldussan/.rvm/gems/ruby-2.1.0/specifications/rack-cache-1.2.gemspec
I, [2014-03-17T20:32:43.585515 #47268]  INFO -- : 0:  rack-test (0.6.2) from /Users/michaeldussan/.rvm/gems/ruby-2.1.0/specifications/rack-test-0.6.2.gemspec
I, [2014-03-17T20:32:43.585971 #47268]  INFO -- : 0:  hike (1.2.3) from /Users/michaeldussan/.rvm/gems/ruby-2.1.0/specifications/hike-1.2.3.gemspec
I, [2014-03-17T20:32:43.586408 #47268]  INFO -- : 0:  tilt (1.4.1) from /Users/michaeldussan/.rvm/gems/ruby-2.1.0/specifications/tilt-1.4.1.gemspec
I, [2014-03-17T20:32:43.586783 #47268]  INFO -- : 0:  sprockets (2.2.2) from /Users/michaeldussan/.rvm/gems/ruby-2.1.0/specifications/sprockets-2.2.2.gemspec
I, [2014-03-17T20:32:47.040976 #47268]  INFO -- : 0:  actionpack (3.2.17) from /Users/michaeldussan/.rvm/gems/ruby-2.1.0/specifications/actionpack-3.2.17.gemspec
I, [2014-03-17T20:32:47.041505 #47268]  INFO -- : 0:  mime-types (1.25.1) from /Users/michaeldussan/.rvm/gems/ruby-2.1.0/specifications/mime-types-1.25.1.gemspec
I, [2014-03-17T20:32:47.041871 #47268]  INFO -- : 0:  polyglot (0.3.4) from /Users/michaeldussan/.rvm/gems/ruby-2.1.0/specifications/polyglot-0.3.4.gemspec
I, [2014-03-17T20:32:47.042366 #47268]  INFO -- : 0:  treetop (1.4.15) from /Users/michaeldussan/.rvm/gems/ruby-2.1.0/specifications/treetop-1.4.15.gemspec
I, [2014-03-17T20:32:47.042837 #47268]  INFO -- : 0:  mail (2.5.4) from /Users/michaeldussan/.rvm/gems/ruby-2.1.0/specifications/mail-2.5.4.gemspec
I, [2014-03-17T20:32:53.149331 #47268]  INFO -- : 0:  actionmailer (3.2.17) from /Users/michaeldussan/.rvm/gems/ruby-2.1.0/specifications/actionmailer-3.2.17.gemspec
I, [2014-03-17T20:32:53.149826 #47268]  INFO -- : 0:  arel (3.0.3) from /Users/michaeldussan/.rvm/gems/ruby-2.1.0/specifications/arel-3.0.3.gemspec
I, [2014-03-17T20:32:58.291385 #47268]  INFO -- : 0:  tzinfo (0.3.39) from /Users/michaeldussan/.rvm/gems/ruby-2.1.0/specifications/tzinfo-0.3.39.gemspec
I, [2014-03-17T20:33:05.391997 #47268]  INFO -- : 0:  activerecord (3.2.17) from /Users/michaeldussan/.rvm/gems/ruby-2.1.0/specifications/activerecord-3.2.17.gemspec
I, [2014-03-17T20:33:19.602562 #47268]  INFO -- : 0:  activeresource (3.2.17) from /Users/michaeldussan/.rvm/gems/ruby-2.1.0/specifications/activeresource-3.2.17.gemspec
I, [2014-03-17T20:33:19.603284 #47268]  INFO -- : 0:  execjs (2.0.2) from /Users/michaeldussan/.rvm/gems/ruby-2.1.0/specifications/execjs-2.0.2.gemspec
I, [2014-03-17T20:33:19.603702 #47268]  INFO -- : 0:  rack-ssl (1.3.3) from /Users/michaeldussan/.rvm/gems/ruby-2.1.0/specifications/rack-ssl-1.3.3.gemspec
I, [2014-03-17T20:33:19.604027 #47268]  INFO -- : 0:  json (1.8.1) from /Users/michaeldussan/.rvm/rubies/ruby-2.1.0/lib/ruby/gems/2.1.0/specifications/default/json-1.8.1.gemspec
I, [2014-03-17T20:33:19.604322 #47268]  INFO -- : 0:  rdoc (3.12.2) from /Users/michaeldussan/.rvm/gems/ruby-2.1.0/specifications/rdoc-3.12.2.gemspec
I, [2014-03-17T20:33:19.604604 #47268]  INFO -- : 0:  thor (0.18.1) from /Users/michaeldussan/.rvm/gems/ruby-2.1.0/specifications/thor-0.18.1.gemspec
I, [2014-03-17T20:33:29.834601 #47268]  INFO -- : 0:  railties (3.2.17) from /Users/michaeldussan/.rvm/gems/ruby-2.1.0/specifications/railties-3.2.17.gemspec
I, [2014-03-17T20:33:29.835242 #47268]  INFO -- : 0:  jquery-rails (3.1.0) from /Users/michaeldussan/.rvm/gems/ruby-2.1.0/specifications/jquery-rails-3.1.0.gemspec
I, [2014-03-17T20:33:29.835695 #47268]  INFO -- : 0:  bundler (1.5.1) from /Users/michaeldussan/.rvm/gems/ruby-2.1.0@global/specifications/bundler-1.5.1.gemspec
I, [2014-03-17T20:33:33.143344 #47268]  INFO -- : 0:  rails (3.2.17) from /Users/michaeldussan/.rvm/gems/ruby-2.1.0/specifications/rails-3.2.17.gemspec
I, [2014-03-17T20:33:45.216796 #47268]  INFO -- : 0:  sass (3.3.3) from /Users/michaeldussan/.rvm/gems/ruby-2.1.0/specifications/sass-3.3.3.gemspec
I, [2014-03-17T20:33:45.232222 #47268]  INFO -- : 0:  sass-rails (3.2.6) from /Users/michaeldussan/.rvm/gems/ruby-2.1.0/specifications/sass-rails-3.2.6.gemspec
I, [2014-03-17T20:33:45.232699 #47268]  INFO -- : 0:  sqlite3 (1.3.9) from /Users/michaeldussan/.rvm/gems/ruby-2.1.0/specifications/sqlite3-1.3.9.gemspec
I, [2014-03-17T20:33:45.233062 #47268]  INFO -- : 0:  uglifier (2.4.0) from /Users/michaeldussan/.rvm/gems/ruby-2.1.0/specifications/uglifier-2.4.0.gemspec
