# Logfile created on 2014-03-09 14:54:55 -0300 by logger.rb/41954
I, [2014-03-09T14:54:55.632718 #26722]  INFO -- : 0:  rake (10.1.1) from /Users/michaeldussan/.rvm/gems/ruby-2.0.0-p353/specifications/rake-10.1.1.gemspec
I, [2014-03-09T14:54:55.633162 #26722]  INFO -- : 0:  i18n (0.6.9) from /Users/michaeldussan/.rvm/gems/ruby-2.0.0-p353@global/specifications/i18n-0.6.9.gemspec
I, [2014-03-09T14:54:59.859381 #26722]  INFO -- : 0:  minitest (4.7.5) from /Users/michaeldussan/.rvm/gems/ruby-2.0.0-p353/specifications/minitest-4.7.5.gemspec
I, [2014-03-09T14:55:02.453270 #26722]  INFO -- : 0:  multi_json (1.9.0) from /Users/michaeldussan/.rvm/gems/ruby-2.0.0-p353/specifications/multi_json-1.9.0.gemspec
I, [2014-03-09T14:55:08.156037 #26722]  INFO -- : 0:  atomic (1.1.15) from /Users/michaeldussan/.rvm/gems/ruby-2.0.0-p353/specifications/atomic-1.1.15.gemspec
I, [2014-03-09T14:55:11.499839 #26722]  INFO -- : 0:  thread_safe (0.2.0) from /Users/michaeldussan/.rvm/gems/ruby-2.0.0-p353/specifications/thread_safe-0.2.0.gemspec
I, [2014-03-09T14:55:11.500298 #26722]  INFO -- : 0:  tzinfo (0.3.38) from /Users/michaeldussan/.rvm/gems/ruby-2.0.0-p353@global/specifications/tzinfo-0.3.38.gemspec
I, [2014-03-09T14:55:11.500581 #26722]  INFO -- : 0:  activesupport (4.0.3) from /Users/michaeldussan/.rvm/gems/ruby-2.0.0-p353@global/specifications/activesupport-4.0.3.gemspec
I, [2014-03-09T14:55:11.500854 #26722]  INFO -- : 0:  builder (3.1.4) from /Users/michaeldussan/.rvm/gems/ruby-2.0.0-p353@global/specifications/builder-3.1.4.gemspec
I, [2014-03-09T14:55:11.501099 #26722]  INFO -- : 0:  erubis (2.7.0) from /Users/michaeldussan/.rvm/gems/ruby-2.0.0-p353/specifications/erubis-2.7.0.gemspec
I, [2014-03-09T14:55:11.501391 #26722]  INFO -- : 0:  rack (1.5.2) from /Users/michaeldussan/.rvm/gems/ruby-2.0.0-p353@global/specifications/rack-1.5.2.gemspec
I, [2014-03-09T14:55:11.501638 #26722]  INFO -- : 0:  rack-test (0.6.2) from /Users/michaeldussan/.rvm/gems/ruby-2.0.0-p353@global/specifications/rack-test-0.6.2.gemspec
I, [2014-03-09T14:55:11.501918 #26722]  INFO -- : 0:  actionpack (4.0.3) from /Users/michaeldussan/.rvm/gems/ruby-2.0.0-p353@global/specifications/actionpack-4.0.3.gemspec
I, [2014-03-09T14:55:11.502170 #26722]  INFO -- : 0:  mime-types (1.25.1) from /Users/michaeldussan/.rvm/gems/ruby-2.0.0-p353@global/specifications/mime-types-1.25.1.gemspec
I, [2014-03-09T14:55:14.621272 #26722]  INFO -- : 0:  polyglot (0.3.4) from /Users/michaeldussan/.rvm/gems/ruby-2.0.0-p353/specifications/polyglot-0.3.4.gemspec
I, [2014-03-09T14:55:14.621673 #26722]  INFO -- : 0:  treetop (1.4.15) from /Users/michaeldussan/.rvm/gems/ruby-2.0.0-p353@global/specifications/treetop-1.4.15.gemspec
I, [2014-03-09T14:55:14.621961 #26722]  INFO -- : 0:  mail (2.5.4) from /Users/michaeldussan/.rvm/gems/ruby-2.0.0-p353@global/specifications/mail-2.5.4.gemspec
I, [2014-03-09T14:55:14.622234 #26722]  INFO -- : 0:  actionmailer (4.0.3) from /Users/michaeldussan/.rvm/gems/ruby-2.0.0-p353@global/specifications/actionmailer-4.0.3.gemspec
I, [2014-03-09T14:55:14.622503 #26722]  INFO -- : 0:  activemodel (4.0.3) from /Users/michaeldussan/.rvm/gems/ruby-2.0.0-p353@global/specifications/activemodel-4.0.3.gemspec
I, [2014-03-09T14:55:14.622769 #26722]  INFO -- : 0:  activerecord-deprecated_finders (1.0.3) from /Users/michaeldussan/.rvm/gems/ruby-2.0.0-p353@global/specifications/activerecord-deprecated_finders-1.0.3.gemspec
I, [2014-03-09T14:55:14.623032 #26722]  INFO -- : 0:  arel (4.0.2) from /Users/michaeldussan/.rvm/gems/ruby-2.0.0-p353@global/specifications/arel-4.0.2.gemspec
I, [2014-03-09T14:55:14.623289 #26722]  INFO -- : 0:  activerecord (4.0.3) from /Users/michaeldussan/.rvm/gems/ruby-2.0.0-p353@global/specifications/activerecord-4.0.3.gemspec
I, [2014-03-09T14:55:14.623540 #26722]  INFO -- : 0:  bundler (1.5.1) from /Users/michaeldussan/.rvm/gems/ruby-2.0.0-p353@global/specifications/bundler-1.5.1.gemspec
I, [2014-03-09T14:55:14.623803 #26722]  INFO -- : 0:  coffee-script-source (1.7.0) from /Users/michaeldussan/.rvm/gems/ruby-2.0.0-p353/specifications/coffee-script-source-1.7.0.gemspec
I, [2014-03-09T14:55:14.624072 #26722]  INFO -- : 0:  execjs (2.0.2) from /Users/michaeldussan/.rvm/gems/ruby-2.0.0-p353/specifications/execjs-2.0.2.gemspec
I, [2014-03-09T14:55:14.624324 #26722]  INFO -- : 0:  coffee-script (2.2.0) from /Users/michaeldussan/.rvm/gems/ruby-2.0.0-p353/specifications/coffee-script-2.2.0.gemspec
I, [2014-03-09T14:55:14.624600 #26722]  INFO -- : 0:  thor (0.18.1) from /Users/michaeldussan/.rvm/gems/ruby-2.0.0-p353/specifications/thor-0.18.1.gemspec
I, [2014-03-09T14:55:14.624856 #26722]  INFO -- : 0:  railties (4.0.3) from /Users/michaeldussan/.rvm/gems/ruby-2.0.0-p353@global/specifications/railties-4.0.3.gemspec
I, [2014-03-09T14:55:17.336236 #26722]  INFO -- : 0:  coffee-rails (4.0.1) from /Users/michaeldussan/.rvm/gems/ruby-2.0.0-p353/specifications/coffee-rails-4.0.1.gemspec
I, [2014-03-09T14:55:17.336617 #26722]  INFO -- : 0:  hike (1.2.3) from /Users/michaeldussan/.rvm/gems/ruby-2.0.0-p353@global/specifications/hike-1.2.3.gemspec
I, [2014-03-09T14:55:19.608006 #26722]  INFO -- : 0:  jbuilder (1.5.3) from /Users/michaeldussan/.rvm/gems/ruby-2.0.0-p353/specifications/jbuilder-1.5.3.gemspec
I, [2014-03-09T14:55:19.608519 #26722]  INFO -- : 0:  jquery-rails (3.1.0) from /Users/michaeldussan/.rvm/gems/ruby-2.0.0-p353/specifications/jquery-rails-3.1.0.gemspec
I, [2014-03-09T14:55:19.608809 #26722]  INFO -- : 0:  json (1.8.1) from /Users/michaeldussan/.rvm/gems/ruby-2.0.0-p353/specifications/json-1.8.1.gemspec
I, [2014-03-09T14:55:19.609073 #26722]  INFO -- : 0:  tilt (1.4.1) from /Users/michaeldussan/.rvm/gems/ruby-2.0.0-p353/specifications/tilt-1.4.1.gemspec
I, [2014-03-09T14:55:19.609335 #26722]  INFO -- : 0:  sprockets (2.11.0) from /Users/michaeldussan/.rvm/gems/ruby-2.0.0-p353@global/specifications/sprockets-2.11.0.gemspec
I, [2014-03-09T14:55:19.609586 #26722]  INFO -- : 0:  sprockets-rails (2.0.1) from /Users/michaeldussan/.rvm/gems/ruby-2.0.0-p353@global/specifications/sprockets-rails-2.0.1.gemspec
I, [2014-03-09T14:55:19.609854 #26722]  INFO -- : 0:  rails (4.0.3) from /Users/michaeldussan/.rvm/gems/ruby-2.0.0-p353@global/specifications/rails-4.0.3.gemspec
I, [2014-03-09T14:55:25.867562 #26722]  INFO -- : 0:  rdoc (4.1.1) from /Users/michaeldussan/.rvm/gems/ruby-2.0.0-p353/specifications/rdoc-4.1.1.gemspec
I, [2014-03-09T14:56:17.739687 #26722]  INFO -- : 0:  sass (3.3.0) from /Users/michaeldussan/.rvm/gems/ruby-2.0.0-p353/specifications/sass-3.3.0.gemspec
I, [2014-03-09T14:56:20.925736 #26722]  INFO -- : 0:  sass-rails (4.0.1) from /Users/michaeldussan/.rvm/gems/ruby-2.0.0-p353/specifications/sass-rails-4.0.1.gemspec
I, [2014-03-09T14:56:23.891656 #26722]  INFO -- : 0:  sdoc (0.4.0) from /Users/michaeldussan/.rvm/gems/ruby-2.0.0-p353/specifications/sdoc-0.4.0.gemspec
I, [2014-03-09T14:56:30.770849 #26722]  INFO -- : 0:  sqlite3 (1.3.9) from /Users/michaeldussan/.rvm/gems/ruby-2.0.0-p353/specifications/sqlite3-1.3.9.gemspec
I, [2014-03-09T14:56:30.816526 #26722]  INFO -- : 0:  turbolinks (2.2.1) from /Users/michaeldussan/.rvm/gems/ruby-2.0.0-p353/specifications/turbolinks-2.2.1.gemspec
I, [2014-03-09T14:56:30.818708 #26722]  INFO -- : 0:  uglifier (2.4.0) from /Users/michaeldussan/.rvm/gems/ruby-2.0.0-p353/specifications/uglifier-2.4.0.gemspec
I, [2014-03-09T15:03:25.805536 #27178]  INFO -- : 0:  rake (10.1.1) from /Users/michaeldussan/.rvm/gems/ruby-2.0.0-p353/specifications/rake-10.1.1.gemspec
I, [2014-03-09T15:03:25.805970 #27178]  INFO -- : 0:  i18n (0.6.9) from /Users/michaeldussan/.rvm/gems/ruby-2.0.0-p353@global/specifications/i18n-0.6.9.gemspec
I, [2014-03-09T15:03:25.806340 #27178]  INFO -- : 0:  minitest (4.7.5) from /Users/michaeldussan/.rvm/gems/ruby-2.0.0-p353/specifications/minitest-4.7.5.gemspec
I, [2014-03-09T15:03:25.806712 #27178]  INFO -- : 0:  multi_json (1.9.0) from /Users/michaeldussan/.rvm/gems/ruby-2.0.0-p353/specifications/multi_json-1.9.0.gemspec
I, [2014-03-09T15:03:25.807046 #27178]  INFO -- : 0:  atomic (1.1.15) from /Users/michaeldussan/.rvm/gems/ruby-2.0.0-p353/specifications/atomic-1.1.15.gemspec
I, [2014-03-09T15:03:25.807375 #27178]  INFO -- : 0:  thread_safe (0.2.0) from /Users/michaeldussan/.rvm/gems/ruby-2.0.0-p353/specifications/thread_safe-0.2.0.gemspec
I, [2014-03-09T15:03:25.807725 #27178]  INFO -- : 0:  tzinfo (0.3.38) from /Users/michaeldussan/.rvm/gems/ruby-2.0.0-p353@global/specifications/tzinfo-0.3.38.gemspec
I, [2014-03-09T15:03:25.808095 #27178]  INFO -- : 0:  activesupport (4.0.3) from /Users/michaeldussan/.rvm/gems/ruby-2.0.0-p353@global/specifications/activesupport-4.0.3.gemspec
I, [2014-03-09T15:03:25.808447 #27178]  INFO -- : 0:  builder (3.1.4) from /Users/michaeldussan/.rvm/gems/ruby-2.0.0-p353@global/specifications/builder-3.1.4.gemspec
I, [2014-03-09T15:03:25.808751 #27178]  INFO -- : 0:  erubis (2.7.0) from /Users/michaeldussan/.rvm/gems/ruby-2.0.0-p353/specifications/erubis-2.7.0.gemspec
I, [2014-03-09T15:03:25.809124 #27178]  INFO -- : 0:  rack (1.5.2) from /Users/michaeldussan/.rvm/gems/ruby-2.0.0-p353@global/specifications/rack-1.5.2.gemspec
I, [2014-03-09T15:03:25.809440 #27178]  INFO -- : 0:  rack-test (0.6.2) from /Users/michaeldussan/.rvm/gems/ruby-2.0.0-p353@global/specifications/rack-test-0.6.2.gemspec
I, [2014-03-09T15:03:25.809750 #27178]  INFO -- : 0:  actionpack (4.0.3) from /Users/michaeldussan/.rvm/gems/ruby-2.0.0-p353@global/specifications/actionpack-4.0.3.gemspec
I, [2014-03-09T15:03:25.810027 #27178]  INFO -- : 0:  mime-types (1.25.1) from /Users/michaeldussan/.rvm/gems/ruby-2.0.0-p353@global/specifications/mime-types-1.25.1.gemspec
I, [2014-03-09T15:03:25.810310 #27178]  INFO -- : 0:  polyglot (0.3.4) from /Users/michaeldussan/.rvm/gems/ruby-2.0.0-p353/specifications/polyglot-0.3.4.gemspec
I, [2014-03-09T15:03:25.810567 #27178]  INFO -- : 0:  treetop (1.4.15) from /Users/michaeldussan/.rvm/gems/ruby-2.0.0-p353@global/specifications/treetop-1.4.15.gemspec
I, [2014-03-09T15:03:25.810836 #27178]  INFO -- : 0:  mail (2.5.4) from /Users/michaeldussan/.rvm/gems/ruby-2.0.0-p353@global/specifications/mail-2.5.4.gemspec
I, [2014-03-09T15:03:25.811112 #27178]  INFO -- : 0:  actionmailer (4.0.3) from /Users/michaeldussan/.rvm/gems/ruby-2.0.0-p353@global/specifications/actionmailer-4.0.3.gemspec
I, [2014-03-09T15:03:25.811374 #27178]  INFO -- : 0:  activemodel (4.0.3) from /Users/michaeldussan/.rvm/gems/ruby-2.0.0-p353@global/specifications/activemodel-4.0.3.gemspec
I, [2014-03-09T15:03:25.811647 #27178]  INFO -- : 0:  activerecord-deprecated_finders (1.0.3) from /Users/michaeldussan/.rvm/gems/ruby-2.0.0-p353@global/specifications/activerecord-deprecated_finders-1.0.3.gemspec
I, [2014-03-09T15:03:25.811905 #27178]  INFO -- : 0:  arel (4.0.2) from /Users/michaeldussan/.rvm/gems/ruby-2.0.0-p353@global/specifications/arel-4.0.2.gemspec
I, [2014-03-09T15:03:25.812176 #27178]  INFO -- : 0:  activerecord (4.0.3) from /Users/michaeldussan/.rvm/gems/ruby-2.0.0-p353@global/specifications/activerecord-4.0.3.gemspec
I, [2014-03-09T15:03:25.812455 #27178]  INFO -- : 0:  coffee-script-source (1.7.0) from /Users/michaeldussan/.rvm/gems/ruby-2.0.0-p353/specifications/coffee-script-source-1.7.0.gemspec
I, [2014-03-09T15:03:25.812707 #27178]  INFO -- : 0:  execjs (2.0.2) from /Users/michaeldussan/.rvm/gems/ruby-2.0.0-p353/specifications/execjs-2.0.2.gemspec
I, [2014-03-09T15:03:25.812960 #27178]  INFO -- : 0:  coffee-script (2.2.0) from /Users/michaeldussan/.rvm/gems/ruby-2.0.0-p353/specifications/coffee-script-2.2.0.gemspec
I, [2014-03-09T15:03:25.813246 #27178]  INFO -- : 0:  thor (0.18.1) from /Users/michaeldussan/.rvm/gems/ruby-2.0.0-p353/specifications/thor-0.18.1.gemspec
I, [2014-03-09T15:03:25.813529 #27178]  INFO -- : 0:  railties (4.0.3) from /Users/michaeldussan/.rvm/gems/ruby-2.0.0-p353@global/specifications/railties-4.0.3.gemspec
I, [2014-03-09T15:03:25.813816 #27178]  INFO -- : 0:  coffee-rails (4.0.1) from /Users/michaeldussan/.rvm/gems/ruby-2.0.0-p353/specifications/coffee-rails-4.0.1.gemspec
I, [2014-03-09T15:03:25.814084 #27178]  INFO -- : 0:  hike (1.2.3) from /Users/michaeldussan/.rvm/gems/ruby-2.0.0-p353@global/specifications/hike-1.2.3.gemspec
I, [2014-03-09T15:03:25.814336 #27178]  INFO -- : 0:  jbuilder (1.5.3) from /Users/michaeldussan/.rvm/gems/ruby-2.0.0-p353/specifications/jbuilder-1.5.3.gemspec
I, [2014-03-09T15:03:25.814637 #27178]  INFO -- : 0:  jquery-rails (3.1.0) from /Users/michaeldussan/.rvm/gems/ruby-2.0.0-p353/specifications/jquery-rails-3.1.0.gemspec
I, [2014-03-09T15:03:25.814914 #27178]  INFO -- : 0:  json (1.8.1) from /Users/michaeldussan/.rvm/gems/ruby-2.0.0-p353/specifications/json-1.8.1.gemspec
I, [2014-03-09T15:03:25.815174 #27178]  INFO -- : 0:  bundler (1.5.1) from /Users/michaeldussan/.rvm/gems/ruby-2.0.0-p353@global/specifications/bundler-1.5.1.gemspec
I, [2014-03-09T15:03:25.815724 #27178]  INFO -- : 0:  tilt (1.4.1) from /Users/michaeldussan/.rvm/gems/ruby-2.0.0-p353/specifications/tilt-1.4.1.gemspec
I, [2014-03-09T15:03:25.816270 #27178]  INFO -- : 0:  sprockets (2.11.0) from /Users/michaeldussan/.rvm/gems/ruby-2.0.0-p353@global/specifications/sprockets-2.11.0.gemspec
I, [2014-03-09T15:03:25.816987 #27178]  INFO -- : 0:  sprockets-rails (2.0.1) from /Users/michaeldussan/.rvm/gems/ruby-2.0.0-p353@global/specifications/sprockets-rails-2.0.1.gemspec
I, [2014-03-09T15:03:25.817593 #27178]  INFO -- : 0:  rails (4.0.3) from /Users/michaeldussan/.rvm/gems/ruby-2.0.0-p353@global/specifications/rails-4.0.3.gemspec
I, [2014-03-09T15:03:25.818091 #27178]  INFO -- : 0:  rdoc (4.1.1) from /Users/michaeldussan/.rvm/gems/ruby-2.0.0-p353/specifications/rdoc-4.1.1.gemspec
I, [2014-03-09T15:03:25.818589 #27178]  INFO -- : 0:  sass (3.3.0) from /Users/michaeldussan/.rvm/gems/ruby-2.0.0-p353/specifications/sass-3.3.0.gemspec
I, [2014-03-09T15:03:25.819031 #27178]  INFO -- : 0:  sass-rails (4.0.1) from /Users/michaeldussan/.rvm/gems/ruby-2.0.0-p353/specifications/sass-rails-4.0.1.gemspec
I, [2014-03-09T15:03:25.819400 #27178]  INFO -- : 0:  sdoc (0.4.0) from /Users/michaeldussan/.rvm/gems/ruby-2.0.0-p353/specifications/sdoc-0.4.0.gemspec
I, [2014-03-09T15:03:25.819797 #27178]  INFO -- : 0:  sqlite3 (1.3.9) from /Users/michaeldussan/.rvm/gems/ruby-2.0.0-p353/specifications/sqlite3-1.3.9.gemspec
I, [2014-03-09T15:03:25.820245 #27178]  INFO -- : 0:  turbolinks (2.2.1) from /Users/michaeldussan/.rvm/gems/ruby-2.0.0-p353/specifications/turbolinks-2.2.1.gemspec
I, [2014-03-09T15:03:25.820584 #27178]  INFO -- : 0:  uglifier (2.4.0) from /Users/michaeldussan/.rvm/gems/ruby-2.0.0-p353/specifications/uglifier-2.4.0.gemspec
I, [2014-03-09T15:06:39.474857 #27222]  INFO -- : 0:  rake (10.1.1) from /Users/michaeldussan/.rvm/gems/ruby-2.0.0-p353/specifications/rake-10.1.1.gemspec
I, [2014-03-09T15:06:39.475299 #27222]  INFO -- : 0:  i18n (0.6.9) from /Users/michaeldussan/.rvm/gems/ruby-2.0.0-p353@global/specifications/i18n-0.6.9.gemspec
I, [2014-03-09T15:06:39.475602 #27222]  INFO -- : 0:  minitest (4.7.5) from /Users/michaeldussan/.rvm/gems/ruby-2.0.0-p353/specifications/minitest-4.7.5.gemspec
I, [2014-03-09T15:06:39.475879 #27222]  INFO -- : 0:  multi_json (1.9.0) from /Users/michaeldussan/.rvm/gems/ruby-2.0.0-p353/specifications/multi_json-1.9.0.gemspec
I, [2014-03-09T15:06:39.476170 #27222]  INFO -- : 0:  atomic (1.1.15) from /Users/michaeldussan/.rvm/gems/ruby-2.0.0-p353/specifications/atomic-1.1.15.gemspec
I, [2014-03-09T15:06:39.476447 #27222]  INFO -- : 0:  thread_safe (0.2.0) from /Users/michaeldussan/.rvm/gems/ruby-2.0.0-p353/specifications/thread_safe-0.2.0.gemspec
I, [2014-03-09T15:06:39.476786 #27222]  INFO -- : 0:  tzinfo (0.3.38) from /Users/michaeldussan/.rvm/gems/ruby-2.0.0-p353@global/specifications/tzinfo-0.3.38.gemspec
I, [2014-03-09T15:06:39.477065 #27222]  INFO -- : 0:  activesupport (4.0.3) from /Users/michaeldussan/.rvm/gems/ruby-2.0.0-p353@global/specifications/activesupport-4.0.3.gemspec
I, [2014-03-09T15:06:39.477339 #27222]  INFO -- : 0:  builder (3.1.4) from /Users/michaeldussan/.rvm/gems/ruby-2.0.0-p353@global/specifications/builder-3.1.4.gemspec
I, [2014-03-09T15:06:39.477608 #27222]  INFO -- : 0:  erubis (2.7.0) from /Users/michaeldussan/.rvm/gems/ruby-2.0.0-p353/specifications/erubis-2.7.0.gemspec
I, [2014-03-09T15:06:39.477874 #27222]  INFO -- : 0:  rack (1.5.2) from /Users/michaeldussan/.rvm/gems/ruby-2.0.0-p353@global/specifications/rack-1.5.2.gemspec
I, [2014-03-09T15:06:39.478158 #27222]  INFO -- : 0:  rack-test (0.6.2) from /Users/michaeldussan/.rvm/gems/ruby-2.0.0-p353@global/specifications/rack-test-0.6.2.gemspec
I, [2014-03-09T15:06:39.478486 #27222]  INFO -- : 0:  actionpack (4.0.3) from /Users/michaeldussan/.rvm/gems/ruby-2.0.0-p353@global/specifications/actionpack-4.0.3.gemspec
I, [2014-03-09T15:06:39.478765 #27222]  INFO -- : 0:  mime-types (1.25.1) from /Users/michaeldussan/.rvm/gems/ruby-2.0.0-p353@global/specifications/mime-types-1.25.1.gemspec
I, [2014-03-09T15:06:39.479018 #27222]  INFO -- : 0:  polyglot (0.3.4) from /Users/michaeldussan/.rvm/gems/ruby-2.0.0-p353/specifications/polyglot-0.3.4.gemspec
I, [2014-03-09T15:06:39.479290 #27222]  INFO -- : 0:  treetop (1.4.15) from /Users/michaeldussan/.rvm/gems/ruby-2.0.0-p353@global/specifications/treetop-1.4.15.gemspec
I, [2014-03-09T15:06:39.479563 #27222]  INFO -- : 0:  mail (2.5.4) from /Users/michaeldussan/.rvm/gems/ruby-2.0.0-p353@global/specifications/mail-2.5.4.gemspec
I, [2014-03-09T15:06:39.479837 #27222]  INFO -- : 0:  actionmailer (4.0.3) from /Users/michaeldussan/.rvm/gems/ruby-2.0.0-p353@global/specifications/actionmailer-4.0.3.gemspec
I, [2014-03-09T15:06:39.480107 #27222]  INFO -- : 0:  activemodel (4.0.3) from /Users/michaeldussan/.rvm/gems/ruby-2.0.0-p353@global/specifications/activemodel-4.0.3.gemspec
I, [2014-03-09T15:06:39.480378 #27222]  INFO -- : 0:  activerecord-deprecated_finders (1.0.3) from /Users/michaeldussan/.rvm/gems/ruby-2.0.0-p353@global/specifications/activerecord-deprecated_finders-1.0.3.gemspec
I, [2014-03-09T15:06:39.480638 #27222]  INFO -- : 0:  arel (4.0.2) from /Users/michaeldussan/.rvm/gems/ruby-2.0.0-p353@global/specifications/arel-4.0.2.gemspec
I, [2014-03-09T15:06:39.480924 #27222]  INFO -- : 0:  activerecord (4.0.3) from /Users/michaeldussan/.rvm/gems/ruby-2.0.0-p353@global/specifications/activerecord-4.0.3.gemspec
I, [2014-03-09T15:06:39.481163 #27222]  INFO -- : 0:  bundler (1.5.1) from /Users/michaeldussan/.rvm/gems/ruby-2.0.0-p353@global/specifications/bundler-1.5.1.gemspec
I, [2014-03-09T15:06:39.481437 #27222]  INFO -- : 0:  coffee-script-source (1.7.0) from /Users/michaeldussan/.rvm/gems/ruby-2.0.0-p353/specifications/coffee-script-source-1.7.0.gemspec
I, [2014-03-09T15:06:39.481697 #27222]  INFO -- : 0:  execjs (2.0.2) from /Users/michaeldussan/.rvm/gems/ruby-2.0.0-p353/specifications/execjs-2.0.2.gemspec
I, [2014-03-09T15:06:39.481956 #27222]  INFO -- : 0:  coffee-script (2.2.0) from /Users/michaeldussan/.rvm/gems/ruby-2.0.0-p353/specifications/coffee-script-2.2.0.gemspec
I, [2014-03-09T15:06:39.482223 #27222]  INFO -- : 0:  thor (0.18.1) from /Users/michaeldussan/.rvm/gems/ruby-2.0.0-p353/specifications/thor-0.18.1.gemspec
I, [2014-03-09T15:06:39.482490 #27222]  INFO -- : 0:  railties (4.0.3) from /Users/michaeldussan/.rvm/gems/ruby-2.0.0-p353@global/specifications/railties-4.0.3.gemspec
I, [2014-03-09T15:06:39.482779 #27222]  INFO -- : 0:  coffee-rails (4.0.1) from /Users/michaeldussan/.rvm/gems/ruby-2.0.0-p353/specifications/coffee-rails-4.0.1.gemspec
I, [2014-03-09T15:06:39.483027 #27222]  INFO -- : 0:  hike (1.2.3) from /Users/michaeldussan/.rvm/gems/ruby-2.0.0-p353@global/specifications/hike-1.2.3.gemspec
I, [2014-03-09T15:06:39.483279 #27222]  INFO -- : 0:  jbuilder (1.5.3) from /Users/michaeldussan/.rvm/gems/ruby-2.0.0-p353/specifications/jbuilder-1.5.3.gemspec
I, [2014-03-09T15:06:39.483551 #27222]  INFO -- : 0:  jquery-rails (3.1.0) from /Users/michaeldussan/.rvm/gems/ruby-2.0.0-p353/specifications/jquery-rails-3.1.0.gemspec
I, [2014-03-09T15:06:39.483820 #27222]  INFO -- : 0:  json (1.8.1) from /Users/michaeldussan/.rvm/gems/ruby-2.0.0-p353/specifications/json-1.8.1.gemspec
I, [2014-03-09T15:06:39.484066 #27222]  INFO -- : 0:  mysql2 (0.3.15) from /Users/michaeldussan/.rvm/gems/ruby-2.0.0-p353/specifications/mysql2-0.3.15.gemspec
I, [2014-03-09T15:06:39.484341 #27222]  INFO -- : 0:  tilt (1.4.1) from /Users/michaeldussan/.rvm/gems/ruby-2.0.0-p353/specifications/tilt-1.4.1.gemspec
I, [2014-03-09T15:06:39.484621 #27222]  INFO -- : 0:  sprockets (2.11.0) from /Users/michaeldussan/.rvm/gems/ruby-2.0.0-p353@global/specifications/sprockets-2.11.0.gemspec
I, [2014-03-09T15:06:39.484890 #27222]  INFO -- : 0:  sprockets-rails (2.0.1) from /Users/michaeldussan/.rvm/gems/ruby-2.0.0-p353@global/specifications/sprockets-rails-2.0.1.gemspec
I, [2014-03-09T15:06:39.485170 #27222]  INFO -- : 0:  rails (4.0.3) from /Users/michaeldussan/.rvm/gems/ruby-2.0.0-p353@global/specifications/rails-4.0.3.gemspec
I, [2014-03-09T15:06:39.485463 #27222]  INFO -- : 0:  rdoc (4.1.1) from /Users/michaeldussan/.rvm/gems/ruby-2.0.0-p353/specifications/rdoc-4.1.1.gemspec
I, [2014-03-09T15:06:39.485723 #27222]  INFO -- : 0:  sass (3.3.0) from /Users/michaeldussan/.rvm/gems/ruby-2.0.0-p353/specifications/sass-3.3.0.gemspec
I, [2014-03-09T15:06:39.486022 #27222]  INFO -- : 0:  sass-rails (4.0.1) from /Users/michaeldussan/.rvm/gems/ruby-2.0.0-p353/specifications/sass-rails-4.0.1.gemspec
I, [2014-03-09T15:06:39.486278 #27222]  INFO -- : 0:  sdoc (0.4.0) from /Users/michaeldussan/.rvm/gems/ruby-2.0.0-p353/specifications/sdoc-0.4.0.gemspec
I, [2014-03-09T15:06:39.486556 #27222]  INFO -- : 0:  sqlite3 (1.3.9) from /Users/michaeldussan/.rvm/gems/ruby-2.0.0-p353/specifications/sqlite3-1.3.9.gemspec
I, [2014-03-09T15:06:39.486880 #27222]  INFO -- : 0:  turbolinks (2.2.1) from /Users/michaeldussan/.rvm/gems/ruby-2.0.0-p353/specifications/turbolinks-2.2.1.gemspec
I, [2014-03-09T15:06:39.487680 #27222]  INFO -- : 0:  uglifier (2.4.0) from /Users/michaeldussan/.rvm/gems/ruby-2.0.0-p353/specifications/uglifier-2.4.0.gemspec
I, [2014-03-09T15:11:42.247142 #27318]  INFO -- : 0:  rake (10.1.1) from /Users/michaeldussan/.rvm/gems/ruby-2.1.0/specifications/rake-10.1.1.gemspec
I, [2014-03-09T15:11:42.247585 #27318]  INFO -- : 0:  i18n (0.6.9) from /Users/michaeldussan/.rvm/gems/ruby-2.1.0/specifications/i18n-0.6.9.gemspec
I, [2014-03-09T15:11:42.247844 #27318]  INFO -- : 0:  minitest (4.7.5) from /Users/michaeldussan/.rvm/rubies/ruby-2.1.0/lib/ruby/gems/2.1.0/specifications/default/minitest-4.7.5.gemspec
I, [2014-03-09T15:11:45.274692 #27318]  INFO -- : 0:  multi_json (1.9.0) from /Users/michaeldussan/.rvm/gems/ruby-2.1.0/specifications/multi_json-1.9.0.gemspec
I, [2014-03-09T15:11:50.049167 #27318]  INFO -- : 0:  atomic (1.1.15) from /Users/michaeldussan/.rvm/gems/ruby-2.1.0/specifications/atomic-1.1.15.gemspec
I, [2014-03-09T15:11:53.818623 #27318]  INFO -- : 0:  thread_safe (0.2.0) from /Users/michaeldussan/.rvm/gems/ruby-2.1.0/specifications/thread_safe-0.2.0.gemspec
I, [2014-03-09T15:11:53.819173 #27318]  INFO -- : 0:  tzinfo (0.3.38) from /Users/michaeldussan/.rvm/gems/ruby-2.1.0/specifications/tzinfo-0.3.38.gemspec
I, [2014-03-09T15:11:57.776320 #27318]  INFO -- : 0:  activesupport (4.0.3) from /Users/michaeldussan/.rvm/gems/ruby-2.1.0/specifications/activesupport-4.0.3.gemspec
I, [2014-03-09T15:11:57.776906 #27318]  INFO -- : 0:  builder (3.1.4) from /Users/michaeldussan/.rvm/gems/ruby-2.1.0/specifications/builder-3.1.4.gemspec
I, [2014-03-09T15:11:57.777233 #27318]  INFO -- : 0:  erubis (2.7.0) from /Users/michaeldussan/.rvm/gems/ruby-2.1.0/specifications/erubis-2.7.0.gemspec
I, [2014-03-09T15:11:57.777518 #27318]  INFO -- : 0:  rack (1.5.2) from /Users/michaeldussan/.rvm/gems/ruby-2.1.0/specifications/rack-1.5.2.gemspec
I, [2014-03-09T15:11:57.777778 #27318]  INFO -- : 0:  rack-test (0.6.2) from /Users/michaeldussan/.rvm/gems/ruby-2.1.0/specifications/rack-test-0.6.2.gemspec
I, [2014-03-09T15:12:02.613258 #27318]  INFO -- : 0:  actionpack (4.0.3) from /Users/michaeldussan/.rvm/gems/ruby-2.1.0/specifications/actionpack-4.0.3.gemspec
I, [2014-03-09T15:12:02.613741 #27318]  INFO -- : 0:  mime-types (1.25.1) from /Users/michaeldussan/.rvm/gems/ruby-2.1.0/specifications/mime-types-1.25.1.gemspec
I, [2014-03-09T15:12:05.942778 #27318]  INFO -- : 0:  polyglot (0.3.4) from /Users/michaeldussan/.rvm/gems/ruby-2.1.0/specifications/polyglot-0.3.4.gemspec
I, [2014-03-09T15:12:05.943160 #27318]  INFO -- : 0:  treetop (1.4.15) from /Users/michaeldussan/.rvm/gems/ruby-2.1.0/specifications/treetop-1.4.15.gemspec
I, [2014-03-09T15:12:05.943447 #27318]  INFO -- : 0:  mail (2.5.4) from /Users/michaeldussan/.rvm/gems/ruby-2.1.0/specifications/mail-2.5.4.gemspec
I, [2014-03-09T15:12:08.612135 #27318]  INFO -- : 0:  actionmailer (4.0.3) from /Users/michaeldussan/.rvm/gems/ruby-2.1.0/specifications/actionmailer-4.0.3.gemspec
I, [2014-03-09T15:12:12.074563 #27318]  INFO -- : 0:  activemodel (4.0.3) from /Users/michaeldussan/.rvm/gems/ruby-2.1.0/specifications/activemodel-4.0.3.gemspec
I, [2014-03-09T15:12:12.075108 #27318]  INFO -- : 0:  activerecord-deprecated_finders (1.0.3) from /Users/michaeldussan/.rvm/gems/ruby-2.1.0/specifications/activerecord-deprecated_finders-1.0.3.gemspec
I, [2014-03-09T15:12:12.075494 #27318]  INFO -- : 0:  arel (4.0.2) from /Users/michaeldussan/.rvm/gems/ruby-2.1.0/specifications/arel-4.0.2.gemspec
I, [2014-03-09T15:12:15.747670 #27318]  INFO -- : 0:  activerecord (4.0.3) from /Users/michaeldussan/.rvm/gems/ruby-2.1.0/specifications/activerecord-4.0.3.gemspec
I, [2014-03-09T15:12:15.748415 #27318]  INFO -- : 0:  coffee-script-source (1.7.0) from /Users/michaeldussan/.rvm/gems/ruby-2.1.0/specifications/coffee-script-source-1.7.0.gemspec
I, [2014-03-09T15:12:15.748879 #27318]  INFO -- : 0:  execjs (2.0.2) from /Users/michaeldussan/.rvm/gems/ruby-2.1.0/specifications/execjs-2.0.2.gemspec
I, [2014-03-09T15:12:15.749320 #27318]  INFO -- : 0:  coffee-script (2.2.0) from /Users/michaeldussan/.rvm/gems/ruby-2.1.0/specifications/coffee-script-2.2.0.gemspec
I, [2014-03-09T15:12:15.749755 #27318]  INFO -- : 0:  thor (0.18.1) from /Users/michaeldussan/.rvm/gems/ruby-2.1.0/specifications/thor-0.18.1.gemspec
I, [2014-03-09T15:12:19.379186 #27318]  INFO -- : 0:  railties (4.0.3) from /Users/michaeldussan/.rvm/gems/ruby-2.1.0/specifications/railties-4.0.3.gemspec
I, [2014-03-09T15:12:19.379686 #27318]  INFO -- : 0:  coffee-rails (4.0.1) from /Users/michaeldussan/.rvm/gems/ruby-2.1.0/specifications/coffee-rails-4.0.1.gemspec
I, [2014-03-09T15:12:19.380113 #27318]  INFO -- : 0:  hike (1.2.3) from /Users/michaeldussan/.rvm/gems/ruby-2.1.0/specifications/hike-1.2.3.gemspec
I, [2014-03-09T15:12:19.380499 #27318]  INFO -- : 0:  jbuilder (1.5.3) from /Users/michaeldussan/.rvm/gems/ruby-2.1.0/specifications/jbuilder-1.5.3.gemspec
I, [2014-03-09T15:12:19.380898 #27318]  INFO -- : 0:  jquery-rails (3.1.0) from /Users/michaeldussan/.rvm/gems/ruby-2.1.0/specifications/jquery-rails-3.1.0.gemspec
I, [2014-03-09T15:12:19.381222 #27318]  INFO -- : 0:  json (1.8.1) from /Users/michaeldussan/.rvm/rubies/ruby-2.1.0/lib/ruby/gems/2.1.0/specifications/default/json-1.8.1.gemspec
I, [2014-03-09T15:12:19.381605 #27318]  INFO -- : 0:  mysql2 (0.3.15) from /Users/michaeldussan/.rvm/gems/ruby-2.1.0/specifications/mysql2-0.3.15.gemspec
I, [2014-03-09T15:12:19.381946 #27318]  INFO -- : 0:  bundler (1.5.1) from /Users/michaeldussan/.rvm/gems/ruby-2.1.0@global/specifications/bundler-1.5.1.gemspec
I, [2014-03-09T15:12:19.382377 #27318]  INFO -- : 0:  tilt (1.4.1) from /Users/michaeldussan/.rvm/gems/ruby-2.1.0/specifications/tilt-1.4.1.gemspec
I, [2014-03-09T15:12:21.815629 #27318]  INFO -- : 0:  sprockets (2.11.0) from /Users/michaeldussan/.rvm/gems/ruby-2.1.0/specifications/sprockets-2.11.0.gemspec
I, [2014-03-09T15:12:21.816157 #27318]  INFO -- : 0:  sprockets-rails (2.0.1) from /Users/michaeldussan/.rvm/gems/ruby-2.1.0/specifications/sprockets-rails-2.0.1.gemspec
I, [2014-03-09T15:12:29.457225 #27318]  INFO -- : 0:  rails (4.0.3) from /Users/michaeldussan/.rvm/gems/ruby-2.1.0/specifications/rails-4.0.3.gemspec
I, [2014-03-09T15:12:29.457723 #27318]  INFO -- : 0:  rdoc (4.1.1) from /Users/michaeldussan/.rvm/gems/ruby-2.1.0/specifications/rdoc-4.1.1.gemspec
I, [2014-03-09T15:13:26.070186 #27318]  INFO -- : 0:  sass (3.3.0) from /Users/michaeldussan/.rvm/gems/ruby-2.1.0/specifications/sass-3.3.0.gemspec
I, [2014-03-09T15:13:26.070776 #27318]  INFO -- : 0:  sass-rails (4.0.1) from /Users/michaeldussan/.rvm/gems/ruby-2.1.0/specifications/sass-rails-4.0.1.gemspec
I, [2014-03-09T15:13:26.071121 #27318]  INFO -- : 0:  sdoc (0.4.0) from /Users/michaeldussan/.rvm/gems/ruby-2.1.0/specifications/sdoc-0.4.0.gemspec
I, [2014-03-09T15:13:30.785289 #27318]  INFO -- : 0:  sqlite3 (1.3.9) from /Users/michaeldussan/.rvm/gems/ruby-2.1.0/specifications/sqlite3-1.3.9.gemspec
I, [2014-03-09T15:13:30.785866 #27318]  INFO -- : 0:  turbolinks (2.2.1) from /Users/michaeldussan/.rvm/gems/ruby-2.1.0/specifications/turbolinks-2.2.1.gemspec
I, [2014-03-09T15:13:30.786230 #27318]  INFO -- : 0:  uglifier (2.4.0) from /Users/michaeldussan/.rvm/gems/ruby-2.1.0/specifications/uglifier-2.4.0.gemspec
I, [2014-03-09T15:15:23.954441 #27726]  INFO -- : 0:  rake (10.1.1) from /Users/michaeldussan/.rvm/gems/ruby-2.1.0/specifications/rake-10.1.1.gemspec
I, [2014-03-09T15:15:23.954824 #27726]  INFO -- : 0:  i18n (0.6.9) from /Users/michaeldussan/.rvm/gems/ruby-2.1.0/specifications/i18n-0.6.9.gemspec
I, [2014-03-09T15:15:23.955108 #27726]  INFO -- : 0:  minitest (4.7.5) from /Users/michaeldussan/.rvm/rubies/ruby-2.1.0/lib/ruby/gems/2.1.0/specifications/default/minitest-4.7.5.gemspec
I, [2014-03-09T15:15:23.955400 #27726]  INFO -- : 0:  multi_json (1.9.0) from /Users/michaeldussan/.rvm/gems/ruby-2.1.0/specifications/multi_json-1.9.0.gemspec
I, [2014-03-09T15:15:23.955670 #27726]  INFO -- : 0:  atomic (1.1.15) from /Users/michaeldussan/.rvm/gems/ruby-2.1.0/specifications/atomic-1.1.15.gemspec
I, [2014-03-09T15:15:23.955959 #27726]  INFO -- : 0:  thread_safe (0.2.0) from /Users/michaeldussan/.rvm/gems/ruby-2.1.0/specifications/thread_safe-0.2.0.gemspec
I, [2014-03-09T15:15:23.956225 #27726]  INFO -- : 0:  tzinfo (0.3.38) from /Users/michaeldussan/.rvm/gems/ruby-2.1.0/specifications/tzinfo-0.3.38.gemspec
I, [2014-03-09T15:15:23.956498 #27726]  INFO -- : 0:  activesupport (4.0.3) from /Users/michaeldussan/.rvm/gems/ruby-2.1.0/specifications/activesupport-4.0.3.gemspec
I, [2014-03-09T15:15:23.956783 #27726]  INFO -- : 0:  builder (3.1.4) from /Users/michaeldussan/.rvm/gems/ruby-2.1.0/specifications/builder-3.1.4.gemspec
I, [2014-03-09T15:15:23.957096 #27726]  INFO -- : 0:  erubis (2.7.0) from /Users/michaeldussan/.rvm/gems/ruby-2.1.0/specifications/erubis-2.7.0.gemspec
I, [2014-03-09T15:15:23.957415 #27726]  INFO -- : 0:  rack (1.5.2) from /Users/michaeldussan/.rvm/gems/ruby-2.1.0/specifications/rack-1.5.2.gemspec
I, [2014-03-09T15:15:23.957724 #27726]  INFO -- : 0:  rack-test (0.6.2) from /Users/michaeldussan/.rvm/gems/ruby-2.1.0/specifications/rack-test-0.6.2.gemspec
I, [2014-03-09T15:15:23.958040 #27726]  INFO -- : 0:  actionpack (4.0.3) from /Users/michaeldussan/.rvm/gems/ruby-2.1.0/specifications/actionpack-4.0.3.gemspec
I, [2014-03-09T15:15:23.958355 #27726]  INFO -- : 0:  mime-types (1.25.1) from /Users/michaeldussan/.rvm/gems/ruby-2.1.0/specifications/mime-types-1.25.1.gemspec
I, [2014-03-09T15:15:23.958662 #27726]  INFO -- : 0:  polyglot (0.3.4) from /Users/michaeldussan/.rvm/gems/ruby-2.1.0/specifications/polyglot-0.3.4.gemspec
I, [2014-03-09T15:15:23.958957 #27726]  INFO -- : 0:  treetop (1.4.15) from /Users/michaeldussan/.rvm/gems/ruby-2.1.0/specifications/treetop-1.4.15.gemspec
I, [2014-03-09T15:15:23.959261 #27726]  INFO -- : 0:  mail (2.5.4) from /Users/michaeldussan/.rvm/gems/ruby-2.1.0/specifications/mail-2.5.4.gemspec
I, [2014-03-09T15:15:23.959576 #27726]  INFO -- : 0:  actionmailer (4.0.3) from /Users/michaeldussan/.rvm/gems/ruby-2.1.0/specifications/actionmailer-4.0.3.gemspec
I, [2014-03-09T15:15:23.959908 #27726]  INFO -- : 0:  activemodel (4.0.3) from /Users/michaeldussan/.rvm/gems/ruby-2.1.0/specifications/activemodel-4.0.3.gemspec
I, [2014-03-09T15:15:23.960216 #27726]  INFO -- : 0:  activerecord-deprecated_finders (1.0.3) from /Users/michaeldussan/.rvm/gems/ruby-2.1.0/specifications/activerecord-deprecated_finders-1.0.3.gemspec
I, [2014-03-09T15:15:23.960524 #27726]  INFO -- : 0:  arel (4.0.2) from /Users/michaeldussan/.rvm/gems/ruby-2.1.0/specifications/arel-4.0.2.gemspec
I, [2014-03-09T15:15:23.960836 #27726]  INFO -- : 0:  activerecord (4.0.3) from /Users/michaeldussan/.rvm/gems/ruby-2.1.0/specifications/activerecord-4.0.3.gemspec
I, [2014-03-09T15:15:23.961137 #27726]  INFO -- : 0:  bundler (1.5.1) from /Users/michaeldussan/.rvm/gems/ruby-2.1.0@global/specifications/bundler-1.5.1.gemspec
I, [2014-03-09T15:15:23.961476 #27726]  INFO -- : 0:  coffee-script-source (1.7.0) from /Users/michaeldussan/.rvm/gems/ruby-2.1.0/specifications/coffee-script-source-1.7.0.gemspec
I, [2014-03-09T15:15:23.961791 #27726]  INFO -- : 0:  execjs (2.0.2) from /Users/michaeldussan/.rvm/gems/ruby-2.1.0/specifications/execjs-2.0.2.gemspec
I, [2014-03-09T15:15:23.962103 #27726]  INFO -- : 0:  coffee-script (2.2.0) from /Users/michaeldussan/.rvm/gems/ruby-2.1.0/specifications/coffee-script-2.2.0.gemspec
I, [2014-03-09T15:15:23.962409 #27726]  INFO -- : 0:  thor (0.18.1) from /Users/michaeldussan/.rvm/gems/ruby-2.1.0/specifications/thor-0.18.1.gemspec
I, [2014-03-09T15:15:23.962727 #27726]  INFO -- : 0:  railties (4.0.3) from /Users/michaeldussan/.rvm/gems/ruby-2.1.0/specifications/railties-4.0.3.gemspec
I, [2014-03-09T15:15:23.963016 #27726]  INFO -- : 0:  coffee-rails (4.0.1) from /Users/michaeldussan/.rvm/gems/ruby-2.1.0/specifications/coffee-rails-4.0.1.gemspec
I, [2014-03-09T15:15:23.963323 #27726]  INFO -- : 0:  hike (1.2.3) from /Users/michaeldussan/.rvm/gems/ruby-2.1.0/specifications/hike-1.2.3.gemspec
I, [2014-03-09T15:15:23.963625 #27726]  INFO -- : 0:  jbuilder (1.5.3) from /Users/michaeldussan/.rvm/gems/ruby-2.1.0/specifications/jbuilder-1.5.3.gemspec
I, [2014-03-09T15:15:23.963943 #27726]  INFO -- : 0:  jquery-rails (3.1.0) from /Users/michaeldussan/.rvm/gems/ruby-2.1.0/specifications/jquery-rails-3.1.0.gemspec
I, [2014-03-09T15:15:23.964248 #27726]  INFO -- : 0:  json (1.8.1) from /Users/michaeldussan/.rvm/rubies/ruby-2.1.0/lib/ruby/gems/2.1.0/specifications/default/json-1.8.1.gemspec
I, [2014-03-09T15:15:23.964560 #27726]  INFO -- : 0:  mysql2 (0.3.15) from /Users/michaeldussan/.rvm/gems/ruby-2.1.0/specifications/mysql2-0.3.15.gemspec
I, [2014-03-09T15:15:23.964874 #27726]  INFO -- : 0:  tilt (1.4.1) from /Users/michaeldussan/.rvm/gems/ruby-2.1.0/specifications/tilt-1.4.1.gemspec
I, [2014-03-09T15:15:23.965191 #27726]  INFO -- : 0:  sprockets (2.11.0) from /Users/michaeldussan/.rvm/gems/ruby-2.1.0/specifications/sprockets-2.11.0.gemspec
I, [2014-03-09T15:15:23.965472 #27726]  INFO -- : 0:  sprockets-rails (2.0.1) from /Users/michaeldussan/.rvm/gems/ruby-2.1.0/specifications/sprockets-rails-2.0.1.gemspec
I, [2014-03-09T15:15:23.965781 #27726]  INFO -- : 0:  rails (4.0.3) from /Users/michaeldussan/.rvm/gems/ruby-2.1.0/specifications/rails-4.0.3.gemspec
I, [2014-03-09T15:15:23.966094 #27726]  INFO -- : 0:  rdoc (4.1.1) from /Users/michaeldussan/.rvm/gems/ruby-2.1.0/specifications/rdoc-4.1.1.gemspec
I, [2014-03-09T15:15:23.966418 #27726]  INFO -- : 0:  sass (3.3.0) from /Users/michaeldussan/.rvm/gems/ruby-2.1.0/specifications/sass-3.3.0.gemspec
I, [2014-03-09T15:15:23.966738 #27726]  INFO -- : 0:  sass-rails (4.0.1) from /Users/michaeldussan/.rvm/gems/ruby-2.1.0/specifications/sass-rails-4.0.1.gemspec
I, [2014-03-09T15:15:23.967050 #27726]  INFO -- : 0:  sdoc (0.4.0) from /Users/michaeldussan/.rvm/gems/ruby-2.1.0/specifications/sdoc-0.4.0.gemspec
I, [2014-03-09T15:15:23.967364 #27726]  INFO -- : 0:  turbolinks (2.2.1) from /Users/michaeldussan/.rvm/gems/ruby-2.1.0/specifications/turbolinks-2.2.1.gemspec
I, [2014-03-09T15:15:23.967672 #27726]  INFO -- : 0:  uglifier (2.4.0) from /Users/michaeldussan/.rvm/gems/ruby-2.1.0/specifications/uglifier-2.4.0.gemspec
I, [2014-03-09T15:16:04.800291 #27741]  INFO -- : 0:  rake (10.1.1) from /Users/michaeldussan/.rvm/gems/ruby-2.1.0/specifications/rake-10.1.1.gemspec
I, [2014-03-09T15:16:04.800693 #27741]  INFO -- : 0:  i18n (0.6.9) from /Users/michaeldussan/.rvm/gems/ruby-2.1.0/specifications/i18n-0.6.9.gemspec
I, [2014-03-09T15:16:04.800971 #27741]  INFO -- : 0:  minitest (4.7.5) from /Users/michaeldussan/.rvm/rubies/ruby-2.1.0/lib/ruby/gems/2.1.0/specifications/default/minitest-4.7.5.gemspec
I, [2014-03-09T15:16:04.801251 #27741]  INFO -- : 0:  multi_json (1.9.0) from /Users/michaeldussan/.rvm/gems/ruby-2.1.0/specifications/multi_json-1.9.0.gemspec
I, [2014-03-09T15:16:04.801561 #27741]  INFO -- : 0:  atomic (1.1.15) from /Users/michaeldussan/.rvm/gems/ruby-2.1.0/specifications/atomic-1.1.15.gemspec
I, [2014-03-09T15:16:04.801827 #27741]  INFO -- : 0:  thread_safe (0.2.0) from /Users/michaeldussan/.rvm/gems/ruby-2.1.0/specifications/thread_safe-0.2.0.gemspec
I, [2014-03-09T15:16:04.802090 #27741]  INFO -- : 0:  tzinfo (0.3.38) from /Users/michaeldussan/.rvm/gems/ruby-2.1.0/specifications/tzinfo-0.3.38.gemspec
I, [2014-03-09T15:16:04.802357 #27741]  INFO -- : 0:  activesupport (4.0.3) from /Users/michaeldussan/.rvm/gems/ruby-2.1.0/specifications/activesupport-4.0.3.gemspec
I, [2014-03-09T15:16:04.802612 #27741]  INFO -- : 0:  builder (3.1.4) from /Users/michaeldussan/.rvm/gems/ruby-2.1.0/specifications/builder-3.1.4.gemspec
I, [2014-03-09T15:16:04.802880 #27741]  INFO -- : 0:  erubis (2.7.0) from /Users/michaeldussan/.rvm/gems/ruby-2.1.0/specifications/erubis-2.7.0.gemspec
I, [2014-03-09T15:16:04.803131 #27741]  INFO -- : 0:  rack (1.5.2) from /Users/michaeldussan/.rvm/gems/ruby-2.1.0/specifications/rack-1.5.2.gemspec
I, [2014-03-09T15:16:04.803461 #27741]  INFO -- : 0:  rack-test (0.6.2) from /Users/michaeldussan/.rvm/gems/ruby-2.1.0/specifications/rack-test-0.6.2.gemspec
I, [2014-03-09T15:16:04.803795 #27741]  INFO -- : 0:  actionpack (4.0.3) from /Users/michaeldussan/.rvm/gems/ruby-2.1.0/specifications/actionpack-4.0.3.gemspec
I, [2014-03-09T15:16:04.804260 #27741]  INFO -- : 0:  mime-types (1.25.1) from /Users/michaeldussan/.rvm/gems/ruby-2.1.0/specifications/mime-types-1.25.1.gemspec
I, [2014-03-09T15:16:04.804697 #27741]  INFO -- : 0:  polyglot (0.3.4) from /Users/michaeldussan/.rvm/gems/ruby-2.1.0/specifications/polyglot-0.3.4.gemspec
I, [2014-03-09T15:16:04.805063 #27741]  INFO -- : 0:  treetop (1.4.15) from /Users/michaeldussan/.rvm/gems/ruby-2.1.0/specifications/treetop-1.4.15.gemspec
I, [2014-03-09T15:16:04.805534 #27741]  INFO -- : 0:  mail (2.5.4) from /Users/michaeldussan/.rvm/gems/ruby-2.1.0/specifications/mail-2.5.4.gemspec
I, [2014-03-09T15:16:04.805897 #27741]  INFO -- : 0:  actionmailer (4.0.3) from /Users/michaeldussan/.rvm/gems/ruby-2.1.0/specifications/actionmailer-4.0.3.gemspec
I, [2014-03-09T15:16:04.806234 #27741]  INFO -- : 0:  activemodel (4.0.3) from /Users/michaeldussan/.rvm/gems/ruby-2.1.0/specifications/activemodel-4.0.3.gemspec
I, [2014-03-09T15:16:04.806494 #27741]  INFO -- : 0:  activerecord-deprecated_finders (1.0.3) from /Users/michaeldussan/.rvm/gems/ruby-2.1.0/specifications/activerecord-deprecated_finders-1.0.3.gemspec
I, [2014-03-09T15:16:04.806754 #27741]  INFO -- : 0:  arel (4.0.2) from /Users/michaeldussan/.rvm/gems/ruby-2.1.0/specifications/arel-4.0.2.gemspec
I, [2014-03-09T15:16:04.807017 #27741]  INFO -- : 0:  activerecord (4.0.3) from /Users/michaeldussan/.rvm/gems/ruby-2.1.0/specifications/activerecord-4.0.3.gemspec
I, [2014-03-09T15:16:04.807265 #27741]  INFO -- : 0:  coffee-script-source (1.7.0) from /Users/michaeldussan/.rvm/gems/ruby-2.1.0/specifications/coffee-script-source-1.7.0.gemspec
I, [2014-03-09T15:16:04.807520 #27741]  INFO -- : 0:  execjs (2.0.2) from /Users/michaeldussan/.rvm/gems/ruby-2.1.0/specifications/execjs-2.0.2.gemspec
I, [2014-03-09T15:16:04.807775 #27741]  INFO -- : 0:  coffee-script (2.2.0) from /Users/michaeldussan/.rvm/gems/ruby-2.1.0/specifications/coffee-script-2.2.0.gemspec
I, [2014-03-09T15:16:04.808030 #27741]  INFO -- : 0:  thor (0.18.1) from /Users/michaeldussan/.rvm/gems/ruby-2.1.0/specifications/thor-0.18.1.gemspec
I, [2014-03-09T15:16:04.808295 #27741]  INFO -- : 0:  railties (4.0.3) from /Users/michaeldussan/.rvm/gems/ruby-2.1.0/specifications/railties-4.0.3.gemspec
I, [2014-03-09T15:16:04.808614 #27741]  INFO -- : 0:  coffee-rails (4.0.1) from /Users/michaeldussan/.rvm/gems/ruby-2.1.0/specifications/coffee-rails-4.0.1.gemspec
I, [2014-03-09T15:16:04.808857 #27741]  INFO -- : 0:  hike (1.2.3) from /Users/michaeldussan/.rvm/gems/ruby-2.1.0/specifications/hike-1.2.3.gemspec
I, [2014-03-09T15:16:04.809135 #27741]  INFO -- : 0:  jbuilder (1.5.3) from /Users/michaeldussan/.rvm/gems/ruby-2.1.0/specifications/jbuilder-1.5.3.gemspec
I, [2014-03-09T15:16:04.809418 #27741]  INFO -- : 0:  jquery-rails (3.1.0) from /Users/michaeldussan/.rvm/gems/ruby-2.1.0/specifications/jquery-rails-3.1.0.gemspec
I, [2014-03-09T15:16:04.809669 #27741]  INFO -- : 0:  json (1.8.1) from /Users/michaeldussan/.rvm/rubies/ruby-2.1.0/lib/ruby/gems/2.1.0/specifications/default/json-1.8.1.gemspec
I, [2014-03-09T15:16:04.809924 #27741]  INFO -- : 0:  mysql2 (0.3.15) from /Users/michaeldussan/.rvm/gems/ruby-2.1.0/specifications/mysql2-0.3.15.gemspec
I, [2014-03-09T15:16:04.810161 #27741]  INFO -- : 0:  bundler (1.5.1) from /Users/michaeldussan/.rvm/gems/ruby-2.1.0@global/specifications/bundler-1.5.1.gemspec
I, [2014-03-09T15:16:04.810440 #27741]  INFO -- : 0:  tilt (1.4.1) from /Users/michaeldussan/.rvm/gems/ruby-2.1.0/specifications/tilt-1.4.1.gemspec
I, [2014-03-09T15:16:04.813703 #27741]  INFO -- : 0:  sprockets (2.11.0) from /Users/michaeldussan/.rvm/gems/ruby-2.1.0/specifications/sprockets-2.11.0.gemspec
I, [2014-03-09T15:16:04.814597 #27741]  INFO -- : 0:  sprockets-rails (2.0.1) from /Users/michaeldussan/.rvm/gems/ruby-2.1.0/specifications/sprockets-rails-2.0.1.gemspec
I, [2014-03-09T15:16:04.814924 #27741]  INFO -- : 0:  rails (4.0.3) from /Users/michaeldussan/.rvm/gems/ruby-2.1.0/specifications/rails-4.0.3.gemspec
I, [2014-03-09T15:16:04.815223 #27741]  INFO -- : 0:  rdoc (4.1.1) from /Users/michaeldussan/.rvm/gems/ruby-2.1.0/specifications/rdoc-4.1.1.gemspec
I, [2014-03-09T15:16:04.815504 #27741]  INFO -- : 0:  sass (3.3.0) from /Users/michaeldussan/.rvm/gems/ruby-2.1.0/specifications/sass-3.3.0.gemspec
I, [2014-03-09T15:16:04.815762 #27741]  INFO -- : 0:  sass-rails (4.0.1) from /Users/michaeldussan/.rvm/gems/ruby-2.1.0/specifications/sass-rails-4.0.1.gemspec
I, [2014-03-09T15:16:04.816015 #27741]  INFO -- : 0:  sdoc (0.4.0) from /Users/michaeldussan/.rvm/gems/ruby-2.1.0/specifications/sdoc-0.4.0.gemspec
I, [2014-03-09T15:16:04.816274 #27741]  INFO -- : 0:  turbolinks (2.2.1) from /Users/michaeldussan/.rvm/gems/ruby-2.1.0/specifications/turbolinks-2.2.1.gemspec
I, [2014-03-09T15:16:04.816550 #27741]  INFO -- : 0:  uglifier (2.4.0) from /Users/michaeldussan/.rvm/gems/ruby-2.1.0/specifications/uglifier-2.4.0.gemspec
I, [2014-03-09T15:42:22.074369 #28911]  INFO -- : 0:  rake (10.1.1) from /Users/michaeldussan/.rvm/gems/ruby-2.1.0/specifications/rake-10.1.1.gemspec
I, [2014-03-09T15:42:22.126331 #28911]  INFO -- : 0:  i18n (0.6.9) from /Users/michaeldussan/.rvm/gems/ruby-2.1.0/specifications/i18n-0.6.9.gemspec
I, [2014-03-09T15:42:22.126776 #28911]  INFO -- : 0:  minitest (4.7.5) from /Users/michaeldussan/.rvm/rubies/ruby-2.1.0/lib/ruby/gems/2.1.0/specifications/default/minitest-4.7.5.gemspec
I, [2014-03-09T15:42:22.127133 #28911]  INFO -- : 0:  multi_json (1.9.0) from /Users/michaeldussan/.rvm/gems/ruby-2.1.0/specifications/multi_json-1.9.0.gemspec
I, [2014-03-09T15:42:22.127410 #28911]  INFO -- : 0:  atomic (1.1.15) from /Users/michaeldussan/.rvm/gems/ruby-2.1.0/specifications/atomic-1.1.15.gemspec
I, [2014-03-09T15:42:22.127699 #28911]  INFO -- : 0:  thread_safe (0.2.0) from /Users/michaeldussan/.rvm/gems/ruby-2.1.0/specifications/thread_safe-0.2.0.gemspec
I, [2014-03-09T15:42:22.127991 #28911]  INFO -- : 0:  tzinfo (0.3.38) from /Users/michaeldussan/.rvm/gems/ruby-2.1.0/specifications/tzinfo-0.3.38.gemspec
I, [2014-03-09T15:42:22.128301 #28911]  INFO -- : 0:  activesupport (4.0.3) from /Users/michaeldussan/.rvm/gems/ruby-2.1.0/specifications/activesupport-4.0.3.gemspec
I, [2014-03-09T15:42:22.128610 #28911]  INFO -- : 0:  builder (3.1.4) from /Users/michaeldussan/.rvm/gems/ruby-2.1.0/specifications/builder-3.1.4.gemspec
I, [2014-03-09T15:42:22.128901 #28911]  INFO -- : 0:  erubis (2.7.0) from /Users/michaeldussan/.rvm/gems/ruby-2.1.0/specifications/erubis-2.7.0.gemspec
I, [2014-03-09T15:42:22.129195 #28911]  INFO -- : 0:  rack (1.5.2) from /Users/michaeldussan/.rvm/gems/ruby-2.1.0/specifications/rack-1.5.2.gemspec
I, [2014-03-09T15:42:22.129487 #28911]  INFO -- : 0:  rack-test (0.6.2) from /Users/michaeldussan/.rvm/gems/ruby-2.1.0/specifications/rack-test-0.6.2.gemspec
I, [2014-03-09T15:42:22.129828 #28911]  INFO -- : 0:  actionpack (4.0.3) from /Users/michaeldussan/.rvm/gems/ruby-2.1.0/specifications/actionpack-4.0.3.gemspec
I, [2014-03-09T15:42:22.130173 #28911]  INFO -- : 0:  mime-types (1.25.1) from /Users/michaeldussan/.rvm/gems/ruby-2.1.0/specifications/mime-types-1.25.1.gemspec
I, [2014-03-09T15:42:22.130465 #28911]  INFO -- : 0:  polyglot (0.3.4) from /Users/michaeldussan/.rvm/gems/ruby-2.1.0/specifications/polyglot-0.3.4.gemspec
I, [2014-03-09T15:42:22.130829 #28911]  INFO -- : 0:  treetop (1.4.15) from /Users/michaeldussan/.rvm/gems/ruby-2.1.0/specifications/treetop-1.4.15.gemspec
I, [2014-03-09T15:42:22.131151 #28911]  INFO -- : 0:  mail (2.5.4) from /Users/michaeldussan/.rvm/gems/ruby-2.1.0/specifications/mail-2.5.4.gemspec
I, [2014-03-09T15:42:22.131487 #28911]  INFO -- : 0:  actionmailer (4.0.3) from /Users/michaeldussan/.rvm/gems/ruby-2.1.0/specifications/actionmailer-4.0.3.gemspec
I, [2014-03-09T15:42:22.131860 #28911]  INFO -- : 0:  activemodel (4.0.3) from /Users/michaeldussan/.rvm/gems/ruby-2.1.0/specifications/activemodel-4.0.3.gemspec
I, [2014-03-09T15:42:22.132191 #28911]  INFO -- : 0:  activerecord-deprecated_finders (1.0.3) from /Users/michaeldussan/.rvm/gems/ruby-2.1.0/specifications/activerecord-deprecated_finders-1.0.3.gemspec
I, [2014-03-09T15:42:22.132491 #28911]  INFO -- : 0:  arel (4.0.2) from /Users/michaeldussan/.rvm/gems/ruby-2.1.0/specifications/arel-4.0.2.gemspec
I, [2014-03-09T15:42:22.132941 #28911]  INFO -- : 0:  activerecord (4.0.3) from /Users/michaeldussan/.rvm/gems/ruby-2.1.0/specifications/activerecord-4.0.3.gemspec
I, [2014-03-09T15:42:22.133363 #28911]  INFO -- : 0:  bcrypt-ruby (3.1.2) from /Users/michaeldussan/.rvm/gems/ruby-2.1.0/specifications/bcrypt-ruby-3.1.2.gemspec
I, [2014-03-09T15:42:22.133665 #28911]  INFO -- : 0:  bundler (1.5.1) from /Users/michaeldussan/.rvm/gems/ruby-2.1.0@global/specifications/bundler-1.5.1.gemspec
I, [2014-03-09T15:42:22.134107 #28911]  INFO -- : 0:  coffee-script-source (1.7.0) from /Users/michaeldussan/.rvm/gems/ruby-2.1.0/specifications/coffee-script-source-1.7.0.gemspec
I, [2014-03-09T15:42:22.134497 #28911]  INFO -- : 0:  execjs (2.0.2) from /Users/michaeldussan/.rvm/gems/ruby-2.1.0/specifications/execjs-2.0.2.gemspec
I, [2014-03-09T15:42:22.134772 #28911]  INFO -- : 0:  coffee-script (2.2.0) from /Users/michaeldussan/.rvm/gems/ruby-2.1.0/specifications/coffee-script-2.2.0.gemspec
I, [2014-03-09T15:42:22.135202 #28911]  INFO -- : 0:  thor (0.18.1) from /Users/michaeldussan/.rvm/gems/ruby-2.1.0/specifications/thor-0.18.1.gemspec
I, [2014-03-09T15:42:22.135520 #28911]  INFO -- : 0:  railties (4.0.3) from /Users/michaeldussan/.rvm/gems/ruby-2.1.0/specifications/railties-4.0.3.gemspec
I, [2014-03-09T15:42:22.135843 #28911]  INFO -- : 0:  coffee-rails (4.0.1) from /Users/michaeldussan/.rvm/gems/ruby-2.1.0/specifications/coffee-rails-4.0.1.gemspec
I, [2014-03-09T15:42:22.136176 #28911]  INFO -- : 0:  orm_adapter (0.5.0) from /Users/michaeldussan/.rvm/gems/ruby-2.1.0/specifications/orm_adapter-0.5.0.gemspec
I, [2014-03-09T15:42:22.136497 #28911]  INFO -- : 0:  warden (1.2.3) from /Users/michaeldussan/.rvm/gems/ruby-2.1.0/specifications/warden-1.2.3.gemspec
I, [2014-03-09T15:42:22.136828 #28911]  INFO -- : 0:  devise (3.2.2) from /Users/michaeldussan/.rvm/gems/ruby-2.1.0/specifications/devise-3.2.2.gemspec
I, [2014-03-09T15:42:22.137139 #28911]  INFO -- : 0:  hike (1.2.3) from /Users/michaeldussan/.rvm/gems/ruby-2.1.0/specifications/hike-1.2.3.gemspec
I, [2014-03-09T15:42:22.137454 #28911]  INFO -- : 0:  jbuilder (1.5.3) from /Users/michaeldussan/.rvm/gems/ruby-2.1.0/specifications/jbuilder-1.5.3.gemspec
I, [2014-03-09T15:42:22.137892 #28911]  INFO -- : 0:  jquery-rails (3.1.0) from /Users/michaeldussan/.rvm/gems/ruby-2.1.0/specifications/jquery-rails-3.1.0.gemspec
I, [2014-03-09T15:42:22.138316 #28911]  INFO -- : 0:  json (1.8.1) from /Users/michaeldussan/.rvm/rubies/ruby-2.1.0/lib/ruby/gems/2.1.0/specifications/default/json-1.8.1.gemspec
I, [2014-03-09T15:42:22.138716 #28911]  INFO -- : 0:  mysql2 (0.3.15) from /Users/michaeldussan/.rvm/gems/ruby-2.1.0/specifications/mysql2-0.3.15.gemspec
I, [2014-03-09T15:42:22.139212 #28911]  INFO -- : 0:  tilt (1.4.1) from /Users/michaeldussan/.rvm/gems/ruby-2.1.0/specifications/tilt-1.4.1.gemspec
I, [2014-03-09T15:42:22.139566 #28911]  INFO -- : 0:  sprockets (2.11.0) from /Users/michaeldussan/.rvm/gems/ruby-2.1.0/specifications/sprockets-2.11.0.gemspec
I, [2014-03-09T15:42:22.140099 #28911]  INFO -- : 0:  sprockets-rails (2.0.1) from /Users/michaeldussan/.rvm/gems/ruby-2.1.0/specifications/sprockets-rails-2.0.1.gemspec
I, [2014-03-09T15:42:22.140755 #28911]  INFO -- : 0:  rails (4.0.3) from /Users/michaeldussan/.rvm/gems/ruby-2.1.0/specifications/rails-4.0.3.gemspec
I, [2014-03-09T15:42:22.141252 #28911]  INFO -- : 0:  rdoc (4.1.1) from /Users/michaeldussan/.rvm/gems/ruby-2.1.0/specifications/rdoc-4.1.1.gemspec
I, [2014-03-09T15:42:22.141620 #28911]  INFO -- : 0:  sass (3.3.0) from /Users/michaeldussan/.rvm/gems/ruby-2.1.0/specifications/sass-3.3.0.gemspec
I, [2014-03-09T15:42:22.142070 #28911]  INFO -- : 0:  sass-rails (4.0.1) from /Users/michaeldussan/.rvm/gems/ruby-2.1.0/specifications/sass-rails-4.0.1.gemspec
I, [2014-03-09T15:42:22.142459 #28911]  INFO -- : 0:  sdoc (0.4.0) from /Users/michaeldussan/.rvm/gems/ruby-2.1.0/specifications/sdoc-0.4.0.gemspec
I, [2014-03-09T15:42:22.143165 #28911]  INFO -- : 0:  turbolinks (2.2.1) from /Users/michaeldussan/.rvm/gems/ruby-2.1.0/specifications/turbolinks-2.2.1.gemspec
I, [2014-03-09T15:42:22.143714 #28911]  INFO -- : 0:  uglifier (2.4.0) from /Users/michaeldussan/.rvm/gems/ruby-2.1.0/specifications/uglifier-2.4.0.gemspec
I, [2014-03-09T17:55:43.258785 #30563]  INFO -- : 0:  rake (10.1.1) from /Users/michaeldussan/.rvm/gems/ruby-2.1.0/specifications/rake-10.1.1.gemspec
I, [2014-03-09T17:55:43.273926 #30563]  INFO -- : 0:  i18n (0.6.9) from /Users/michaeldussan/.rvm/gems/ruby-2.1.0/specifications/i18n-0.6.9.gemspec
I, [2014-03-09T17:55:43.274474 #30563]  INFO -- : 0:  minitest (4.7.5) from /Users/michaeldussan/.rvm/rubies/ruby-2.1.0/lib/ruby/gems/2.1.0/specifications/default/minitest-4.7.5.gemspec
I, [2014-03-09T17:55:43.274982 #30563]  INFO -- : 0:  multi_json (1.9.0) from /Users/michaeldussan/.rvm/gems/ruby-2.1.0/specifications/multi_json-1.9.0.gemspec
I, [2014-03-09T17:55:43.275423 #30563]  INFO -- : 0:  atomic (1.1.15) from /Users/michaeldussan/.rvm/gems/ruby-2.1.0/specifications/atomic-1.1.15.gemspec
I, [2014-03-09T17:55:43.275809 #30563]  INFO -- : 0:  thread_safe (0.2.0) from /Users/michaeldussan/.rvm/gems/ruby-2.1.0/specifications/thread_safe-0.2.0.gemspec
I, [2014-03-09T17:55:43.276177 #30563]  INFO -- : 0:  tzinfo (0.3.38) from /Users/michaeldussan/.rvm/gems/ruby-2.1.0/specifications/tzinfo-0.3.38.gemspec
I, [2014-03-09T17:55:43.276531 #30563]  INFO -- : 0:  activesupport (4.0.3) from /Users/michaeldussan/.rvm/gems/ruby-2.1.0/specifications/activesupport-4.0.3.gemspec
I, [2014-03-09T17:55:43.276889 #30563]  INFO -- : 0:  builder (3.1.4) from /Users/michaeldussan/.rvm/gems/ruby-2.1.0/specifications/builder-3.1.4.gemspec
I, [2014-03-09T17:55:43.277256 #30563]  INFO -- : 0:  erubis (2.7.0) from /Users/michaeldussan/.rvm/gems/ruby-2.1.0/specifications/erubis-2.7.0.gemspec
I, [2014-03-09T17:55:43.277614 #30563]  INFO -- : 0:  rack (1.5.2) from /Users/michaeldussan/.rvm/gems/ruby-2.1.0/specifications/rack-1.5.2.gemspec
I, [2014-03-09T17:55:43.277941 #30563]  INFO -- : 0:  rack-test (0.6.2) from /Users/michaeldussan/.rvm/gems/ruby-2.1.0/specifications/rack-test-0.6.2.gemspec
I, [2014-03-09T17:55:43.278282 #30563]  INFO -- : 0:  actionpack (4.0.3) from /Users/michaeldussan/.rvm/gems/ruby-2.1.0/specifications/actionpack-4.0.3.gemspec
I, [2014-03-09T17:55:43.278566 #30563]  INFO -- : 0:  mime-types (1.25.1) from /Users/michaeldussan/.rvm/gems/ruby-2.1.0/specifications/mime-types-1.25.1.gemspec
I, [2014-03-09T17:55:43.278861 #30563]  INFO -- : 0:  polyglot (0.3.4) from /Users/michaeldussan/.rvm/gems/ruby-2.1.0/specifications/polyglot-0.3.4.gemspec
I, [2014-03-09T17:55:43.279155 #30563]  INFO -- : 0:  treetop (1.4.15) from /Users/michaeldussan/.rvm/gems/ruby-2.1.0/specifications/treetop-1.4.15.gemspec
I, [2014-03-09T17:55:43.279469 #30563]  INFO -- : 0:  mail (2.5.4) from /Users/michaeldussan/.rvm/gems/ruby-2.1.0/specifications/mail-2.5.4.gemspec
I, [2014-03-09T17:55:43.279773 #30563]  INFO -- : 0:  actionmailer (4.0.3) from /Users/michaeldussan/.rvm/gems/ruby-2.1.0/specifications/actionmailer-4.0.3.gemspec
I, [2014-03-09T17:55:43.280075 #30563]  INFO -- : 0:  activemodel (4.0.3) from /Users/michaeldussan/.rvm/gems/ruby-2.1.0/specifications/activemodel-4.0.3.gemspec
I, [2014-03-09T17:55:43.280369 #30563]  INFO -- : 0:  activerecord-deprecated_finders (1.0.3) from /Users/michaeldussan/.rvm/gems/ruby-2.1.0/specifications/activerecord-deprecated_finders-1.0.3.gemspec
I, [2014-03-09T17:55:43.280648 #30563]  INFO -- : 0:  arel (4.0.2) from /Users/michaeldussan/.rvm/gems/ruby-2.1.0/specifications/arel-4.0.2.gemspec
I, [2014-03-09T17:55:43.280972 #30563]  INFO -- : 0:  activerecord (4.0.3) from /Users/michaeldussan/.rvm/gems/ruby-2.1.0/specifications/activerecord-4.0.3.gemspec
I, [2014-03-09T17:55:43.281237 #30563]  INFO -- : 0:  bcrypt-ruby (3.1.2) from /Users/michaeldussan/.rvm/gems/ruby-2.1.0/specifications/bcrypt-ruby-3.1.2.gemspec
I, [2014-03-09T17:55:43.281507 #30563]  INFO -- : 0:  coffee-script-source (1.7.0) from /Users/michaeldussan/.rvm/gems/ruby-2.1.0/specifications/coffee-script-source-1.7.0.gemspec
I, [2014-03-09T17:55:43.281769 #30563]  INFO -- : 0:  execjs (2.0.2) from /Users/michaeldussan/.rvm/gems/ruby-2.1.0/specifications/execjs-2.0.2.gemspec
I, [2014-03-09T17:55:43.282025 #30563]  INFO -- : 0:  coffee-script (2.2.0) from /Users/michaeldussan/.rvm/gems/ruby-2.1.0/specifications/coffee-script-2.2.0.gemspec
I, [2014-03-09T17:55:43.282272 #30563]  INFO -- : 0:  thor (0.18.1) from /Users/michaeldussan/.rvm/gems/ruby-2.1.0/specifications/thor-0.18.1.gemspec
I, [2014-03-09T17:55:43.282540 #30563]  INFO -- : 0:  railties (4.0.3) from /Users/michaeldussan/.rvm/gems/ruby-2.1.0/specifications/railties-4.0.3.gemspec
I, [2014-03-09T17:55:43.282806 #30563]  INFO -- : 0:  coffee-rails (4.0.1) from /Users/michaeldussan/.rvm/gems/ruby-2.1.0/specifications/coffee-rails-4.0.1.gemspec
I, [2014-03-09T17:55:43.286280 #30563]  INFO -- : 0:  orm_adapter (0.5.0) from /Users/michaeldussan/.rvm/gems/ruby-2.1.0/specifications/orm_adapter-0.5.0.gemspec
I, [2014-03-09T17:55:43.287041 #30563]  INFO -- : 0:  warden (1.2.3) from /Users/michaeldussan/.rvm/gems/ruby-2.1.0/specifications/warden-1.2.3.gemspec
I, [2014-03-09T17:55:43.287342 #30563]  INFO -- : 0:  devise (3.2.2) from /Users/michaeldussan/.rvm/gems/ruby-2.1.0/specifications/devise-3.2.2.gemspec
I, [2014-03-09T17:55:43.287631 #30563]  INFO -- : 0:  hike (1.2.3) from /Users/michaeldussan/.rvm/gems/ruby-2.1.0/specifications/hike-1.2.3.gemspec
I, [2014-03-09T17:55:43.287912 #30563]  INFO -- : 0:  jbuilder (1.5.3) from /Users/michaeldussan/.rvm/gems/ruby-2.1.0/specifications/jbuilder-1.5.3.gemspec
I, [2014-03-09T17:55:43.288175 #30563]  INFO -- : 0:  jquery-rails (3.1.0) from /Users/michaeldussan/.rvm/gems/ruby-2.1.0/specifications/jquery-rails-3.1.0.gemspec
I, [2014-03-09T17:55:43.288429 #30563]  INFO -- : 0:  json (1.8.1) from /Users/michaeldussan/.rvm/rubies/ruby-2.1.0/lib/ruby/gems/2.1.0/specifications/default/json-1.8.1.gemspec
I, [2014-03-09T17:55:43.288669 #30563]  INFO -- : 0:  mysql2 (0.3.15) from /Users/michaeldussan/.rvm/gems/ruby-2.1.0/specifications/mysql2-0.3.15.gemspec
I, [2014-03-09T17:55:43.288907 #30563]  INFO -- : 0:  bundler (1.5.1) from /Users/michaeldussan/.rvm/gems/ruby-2.1.0@global/specifications/bundler-1.5.1.gemspec
I, [2014-03-09T17:55:43.289162 #30563]  INFO -- : 0:  tilt (1.4.1) from /Users/michaeldussan/.rvm/gems/ruby-2.1.0/specifications/tilt-1.4.1.gemspec
I, [2014-03-09T17:55:43.289429 #30563]  INFO -- : 0:  sprockets (2.11.0) from /Users/michaeldussan/.rvm/gems/ruby-2.1.0/specifications/sprockets-2.11.0.gemspec
I, [2014-03-09T17:55:43.289707 #30563]  INFO -- : 0:  sprockets-rails (2.0.1) from /Users/michaeldussan/.rvm/gems/ruby-2.1.0/specifications/sprockets-rails-2.0.1.gemspec
I, [2014-03-09T17:55:43.290002 #30563]  INFO -- : 0:  rails (4.0.3) from /Users/michaeldussan/.rvm/gems/ruby-2.1.0/specifications/rails-4.0.3.gemspec
I, [2014-03-09T17:55:43.290273 #30563]  INFO -- : 0:  rdoc (4.1.1) from /Users/michaeldussan/.rvm/gems/ruby-2.1.0/specifications/rdoc-4.1.1.gemspec
I, [2014-03-09T17:55:43.290538 #30563]  INFO -- : 0:  sass (3.3.0) from /Users/michaeldussan/.rvm/gems/ruby-2.1.0/specifications/sass-3.3.0.gemspec
I, [2014-03-09T17:55:43.290835 #30563]  INFO -- : 0:  sass-rails (4.0.1) from /Users/michaeldussan/.rvm/gems/ruby-2.1.0/specifications/sass-rails-4.0.1.gemspec
I, [2014-03-09T17:55:43.291504 #30563]  INFO -- : 0:  sdoc (0.4.0) from /Users/michaeldussan/.rvm/gems/ruby-2.1.0/specifications/sdoc-0.4.0.gemspec
I, [2014-03-09T17:55:43.291911 #30563]  INFO -- : 0:  turbolinks (2.2.1) from /Users/michaeldussan/.rvm/gems/ruby-2.1.0/specifications/turbolinks-2.2.1.gemspec
I, [2014-03-09T17:55:43.292186 #30563]  INFO -- : 0:  uglifier (2.4.0) from /Users/michaeldussan/.rvm/gems/ruby-2.1.0/specifications/uglifier-2.4.0.gemspec
